<?xml version="1.0" encoding="UTF-8"?>
<!-- Generated by org.testng.reporters.JUnitReportReporter -->
<testsuite hostname="DESKTOP-RFV0F3M" failures="0" tests="1" name="com.basepackage.BrowserOpen" time="23.455" errors="0" timestamp="2022-09-17T12:22:26 IST" skipped="0">
  <testcase classname="com.basepackage.BrowserOpen" name="browserConfiguration" time="23.455"/>
  <system-out/>
</testsuite> <!-- com.basepackage.BrowserOpen -->
