<?xml version="1.0" encoding="UTF-8"?>
<!-- Generated by org.testng.reporters.JUnitReportReporter -->
<testsuite hostname="DESKTOP-RFV0F3M" failures="0" tests="1" name="com.facebook.FacebookLogin" time="0.233" errors="0" timestamp="2022-10-03T19:13:37 IST" skipped="0">
  <testcase classname="com.facebook.FacebookLogin" name="Login" time="0.233"/>
  <system-out/>
</testsuite> <!-- com.facebook.FacebookLogin -->
