<?xml version="1.0" encoding="UTF-8"?>
<!-- Generated by org.testng.reporters.JUnitReportReporter -->
<testsuite hostname="DESKTOP-RFV0F3M" failures="0" tests="1" name="com.basepackage.BrowserOpen" time="22.814" errors="0" timestamp="2022-09-27T08:47:54 IST" skipped="0">
  <testcase classname="com.basepackage.BrowserOpen" name="browserConfiguration" time="22.814"/>
  <system-out/>
</testsuite> <!-- com.basepackage.BrowserOpen -->
